<?xml version="1.0" encoding="UTF-8"?>
<testsuite xmlns:xsi="http://www.w3.org/2001/XMLSchema-instance" xsi:noNamespaceSchemaLocation="https://maven.apache.org/surefire/maven-surefire-plugin/xsd/surefire-test-report-3.0.xsd" version="3.0" name="ie.atu.devops.GreetTest" time="0.035" tests="2" errors="0" skipped="0" failures="0">
  <properties>
    <property name="java.specification.version" value="21"/>
    <property name="sun.jnu.encoding" value="UTF-8"/>
    <property name="java.class.path" value="/Users/eren/ATU Local/DevOps (L)/devops-vis-project-ed203465/target/test-classes:/Users/eren/ATU Local/DevOps (L)/devops-vis-project-ed203465/target/classes:/Users/eren/.m2/repository/junit/junit/4.13.1/junit-4.13.1.jar:/Users/eren/.m2/repository/org/hamcrest/hamcrest-core/1.3/hamcrest-core-1.3.jar:"/>
    <property name="java.vm.vendor" value="Microsoft"/>
    <property name="sun.arch.data.model" value="64"/>
    <property name="java.vendor.url" value="https://www.microsoft.com"/>
    <property name="os.name" value="Mac OS X"/>
    <property name="java.vm.specification.version" value="21"/>
    <property name="user.country" value="BE"/>
    <property name="sun.java.launcher" value="SUN_STANDARD"/>
    <property name="sun.boot.library.path" value="/Users/eren/Library/Java/JavaVirtualMachines/ms-21.0.8/Contents/Home/lib"/>
    <property name="sun.java.command" value="/Users/eren/ATU Local/DevOps (L)/devops-vis-project-ed203465/target/surefire/surefirebooter-20251015163708526_3.jar /Users/eren/ATU Local/DevOps (L)/devops-vis-project-ed203465/target/surefire 2025-10-15T16-37-08_431-jvmRun1 surefire-20251015163708526_1tmp surefire_0-20251015163708526_2tmp"/>
    <property name="http.nonProxyHosts" value="local|*.local|169.254/16|*.169.254/16"/>
    <property name="jdk.debug" value="release"/>
    <property name="surefire.test.class.path" value="/Users/eren/ATU Local/DevOps (L)/devops-vis-project-ed203465/target/test-classes:/Users/eren/ATU Local/DevOps (L)/devops-vis-project-ed203465/target/classes:/Users/eren/.m2/repository/junit/junit/4.13.1/junit-4.13.1.jar:/Users/eren/.m2/repository/org/hamcrest/hamcrest-core/1.3/hamcrest-core-1.3.jar:"/>
    <property name="sun.cpu.endian" value="little"/>
    <property name="user.home" value="/Users/eren"/>
    <property name="user.language" value="en"/>
    <property name="java.specification.vendor" value="Oracle Corporation"/>
    <property name="java.version.date" value="2025-07-15"/>
    <property name="java.home" value="/Users/eren/Library/Java/JavaVirtualMachines/ms-21.0.8/Contents/Home"/>
    <property name="file.separator" value="/"/>
    <property name="basedir" value="/Users/eren/ATU Local/DevOps (L)/devops-vis-project-ed203465"/>
    <property name="style.color" value="always"/>
    <property name="java.vm.compressedOopsMode" value="Zero based"/>
    <property name="line.separator" value="&#10;"/>
    <property name="java.vm.specification.vendor" value="Oracle Corporation"/>
    <property name="java.specification.name" value="Java Platform API Specification"/>
    <property name="apple.awt.application.name" value="ForkedBooter"/>
    <property name="surefire.real.class.path" value="/Users/eren/ATU Local/DevOps (L)/devops-vis-project-ed203465/target/surefire/surefirebooter-20251015163708526_3.jar"/>
    <property name="sun.management.compiler" value="HotSpot 64-Bit Tiered Compilers"/>
    <property name="ftp.nonProxyHosts" value="local|*.local|169.254/16|*.169.254/16"/>
    <property name="java.runtime.version" value="21.0.8+9-LTS"/>
    <property name="user.name" value="eren"/>
    <property name="stdout.encoding" value="UTF-8"/>
    <property name="path.separator" value=":"/>
    <property name="os.version" value="15.6.1"/>
    <property name="java.runtime.name" value="OpenJDK Runtime Environment"/>
    <property name="file.encoding" value="UTF-8"/>
    <property name="java.vm.name" value="OpenJDK 64-Bit Server VM"/>
    <property name="java.vendor.version" value="Microsoft-11933195"/>
    <property name="maven.ext.class.path" value="/Users/eren/Applications/IntelliJ IDEA Community Edition.app/Contents/plugins/maven/lib/maven-event-listener.jar"/>
    <property name="localRepository" value="/Users/eren/.m2/repository"/>
    <property name="java.vendor.url.bug" value="https://github.com/microsoft/openjdk/issues"/>
    <property name="java.io.tmpdir" value="/var/folders/rs/kwby966930x47x6rb21qc_hm0000gn/T/"/>
    <property name="idea.version" value="2025.2.3"/>
    <property name="java.version" value="21.0.8"/>
    <property name="user.dir" value="/Users/eren/ATU Local/DevOps (L)/devops-vis-project-ed203465"/>
    <property name="os.arch" value="x86_64"/>
    <property name="jansi.passthrough" value="true"/>
    <property name="java.vm.specification.name" value="Java Virtual Machine Specification"/>
    <property name="native.encoding" value="UTF-8"/>
    <property name="java.library.path" value="/Users/eren/Library/Java/Extensions:/Library/Java/Extensions:/Network/Library/Java/Extensions:/System/Library/Java/Extensions:/usr/lib/java:."/>
    <property name="java.vm.info" value="mixed mode, sharing"/>
    <property name="stderr.encoding" value="UTF-8"/>
    <property name="java.vendor" value="Microsoft"/>
    <property name="java.vm.version" value="21.0.8+9-LTS"/>
    <property name="sun.io.unicode.encoding" value="UnicodeBig"/>
    <property name="maven.repo.local" value="/Users/eren/.m2/repository"/>
    <property name="socksNonProxyHosts" value="local|*.local|169.254/16|*.169.254/16"/>
    <property name="java.class.version" value="65.0"/>
  </properties>
  <testcase name="testGreetHello" classname="ie.atu.devops.GreetTest" time="0.003"/>
  <testcase name="testGreetGoodbye" classname="ie.atu.devops.GreetTest" time="0.0"/>
</testsuite>